2020/09/22-15:49:22 DEBUG log4js.js:43:14 TypeError: Cannot read property 'toString'

2020/09/22-16:13:36 INFO :: { name: 'sdfsdf',
  age: 323,
  text: { fi

2020/09/22-16:13:40 INFO log4js.js:40:12 { name: 'sdfsdf',
  age: 323,
  text: { fi

2020/09/22-16:14:30 INFO :: { name: 'sdfsdf',
  age: 323,
  text: { fi

2020/09/22-16:14:33 INFO log4js.js:40:12 { name: 'sdfsdf',
  age: 323,
  text: { fi

2020/09/22-16:15:04 INFO log4js.js:40:12 { name: 'sdfsdf',
  age: 323,
  text: { fi

2020/09/22-16:17:04 INFO :: { name: 'sdfsdf',
  age: 323,
  text: { fi

[2020-09-22T16:18:07.742] [INFO] myError - { name: 'sdfsdf',
  age: 323,
  text: { firstname: '12', lastname: 'sdfsdf' } }
{"startTime":"2020-09-22T08:18:35.079Z","categoryName":"myError","data":[{"name":"sdfsdf","age":323,"text":{"firstname":"12","lastname":"sdfsdf"}}],"level":{"level":20000,"levelStr":"INFO","colour":"green"},"context":{},"pid":83867},
{"startTime":"2020-09-22T08:20:35.096Z","categoryName":"myError","data":[{"name":"sdfsdf","age":323,"text":{"firstname":"12","lastname":"sdfsdf"}}],"level":{"level":20000,"levelStr":"INFO","colour":"green"},"context":{},"pid":83884},
